frontend/android/app/build/intermediates/manifest_merge_blame_file/debug/manifest-merger-blame-debug-report.txt
1<?xml version="1.0" encoding="utf-8"?>
2<manifest xmlns:android="http://schemas.android.com/apk/res/android"
3    package="com.walkietalkie"
4    android:versionCode="1"
5    android:versionName="1.0" >
6
7    <uses-sdk
8        android:minSdkVersion="21"
9        android:targetSdkVersion="30" />
10
11    <uses-permission android:name="android.permission.SYSTEM_ALERT_WINDOW" />
11-->src/main/AndroidManifest.xml:5:3-75
11-->src/main/AndroidManifest.xml:5:20-73
12    <uses-permission android:name="android.permission.INTERNET" />
12-->src/main/AndroidManifest.xml:3:3-64
12-->src/main/AndroidManifest.xml:3:20-62
13    <uses-permission android:name="android.permission.RECORD_AUDIO" />
13-->src/main/AndroidManifest.xml:6:3-68
13-->src/main/AndroidManifest.xml:6:20-66
14    <uses-permission android:name="android.permission.VIBRATE" /> <!-- These require runtime permissions on M -->
14-->src/main/AndroidManifest.xml:7:3-63
14-->src/main/AndroidManifest.xml:7:20-61
15    <uses-permission android:name="android.permission.READ_EXTERNAL_STORAGE" />
15-->src/main/AndroidManifest.xml:9:3-77
15-->src/main/AndroidManifest.xml:9:20-75
16    <uses-permission android:name="android.permission.WRITE_EXTERNAL_STORAGE" />
16-->src/main/AndroidManifest.xml:10:3-78
16-->src/main/AndroidManifest.xml:10:20-76
17    <uses-permission android:name="android.permission.ACCESS_WIFI_STATE" />
17-->[com.facebook.flipper:flipper:0.54.0] AndroidManifest.xml:16:5-76
17-->[com.facebook.flipper:flipper:0.54.0] AndroidManifest.xml:16:22-73
18    <uses-permission android:name="android.permission.ACCESS_NETWORK_STATE" />
18-->[:expo-updates] AndroidManifest.xml:11:5-79
18-->[:expo-updates] AndroidManifest.xml:11:22-76
19
20    <queries>
20-->[:expo-file-system] AndroidManifest.xml:16:5-22:15
21
22        <!-- Query open documents -->
23        <intent>
23-->[:expo-file-system] AndroidManifest.xml:19:9-21:18
24            <action android:name="android.intent.action.OPEN_DOCUMENT_TREE" />
24-->[:expo-file-system] AndroidManifest.xml:20:13-79
24-->[:expo-file-system] AndroidManifest.xml:20:21-76
25        </intent>
26    </queries>
27
28    <uses-permission android:name="com.google.android.finsky.permission.BIND_GET_INSTALL_REFERRER_SERVICE" />
28-->[com.android.installreferrer:installreferrer:1.0] AndroidManifest.xml:9:5-110
28-->[com.android.installreferrer:installreferrer:1.0] AndroidManifest.xml:9:22-107
29
30    <application
30-->src/main/AndroidManifest.xml:12:3-37:17
31        android:name="com.walkietalkie.MainApplication"
31-->src/main/AndroidManifest.xml:13:5-36
32        android:allowBackup="false"
32-->src/main/AndroidManifest.xml:17:5-32
33        android:appComponentFactory="androidx.core.app.CoreComponentFactory"
33-->[androidx.core:core:1.3.0] AndroidManifest.xml:24:18-86
34        android:debuggable="true"
35        android:icon="@mipmap/ic_launcher"
35-->src/main/AndroidManifest.xml:15:5-39
36        android:label="@string/app_name"
36-->src/main/AndroidManifest.xml:14:5-37
37        android:roundIcon="@mipmap/ic_launcher_round"
37-->src/main/AndroidManifest.xml:16:5-50
38        android:theme="@style/AppTheme"
38-->src/main/AndroidManifest.xml:18:5-36
39        android:usesCleartextTraffic="true" >
39-->src/main/AndroidManifest.xml:19:5-40
40        <meta-data
40-->src/main/AndroidManifest.xml:21:5-103
41            android:name="expo.modules.updates.EXPO_UPDATE_URL"
41-->src/main/AndroidManifest.xml:21:16-67
42            android:value="YOUR-APP-URL-HERE" />
42-->src/main/AndroidManifest.xml:21:68-101
43        <meta-data
43-->src/main/AndroidManifest.xml:22:5-112
44            android:name="expo.modules.updates.EXPO_SDK_VERSION"
44-->src/main/AndroidManifest.xml:22:16-68
45            android:value="YOUR-APP-SDK-VERSION-HERE" />
45-->src/main/AndroidManifest.xml:22:69-110
46
47        <activity
47-->src/main/AndroidManifest.xml:23:5-35:16
48            android:name="com.walkietalkie.MainActivity"
48-->src/main/AndroidManifest.xml:24:7-35
49            android:configChanges="keyboard|keyboardHidden|orientation|screenSize|uiMode"
49-->src/main/AndroidManifest.xml:26:7-84
50            android:label="@string/app_name"
50-->src/main/AndroidManifest.xml:25:7-39
51            android:launchMode="singleTask"
51-->src/main/AndroidManifest.xml:27:7-38
52            android:theme="@style/Theme.App.SplashScreen"
52-->src/main/AndroidManifest.xml:29:7-52
53            android:windowSoftInputMode="adjustResize" >
53-->src/main/AndroidManifest.xml:28:7-49
54            <intent-filter>
54-->src/main/AndroidManifest.xml:31:7-34:23
55                <action android:name="android.intent.action.MAIN" />
55-->src/main/AndroidManifest.xml:32:9-60
55-->src/main/AndroidManifest.xml:32:17-58
56
57                <category android:name="android.intent.category.LAUNCHER" />
57-->src/main/AndroidManifest.xml:33:9-68
57-->src/main/AndroidManifest.xml:33:19-66
58            </intent-filter>
59        </activity>
60        <activity android:name="com.facebook.react.devsupport.DevSettingsActivity" />
60-->src/main/AndroidManifest.xml:36:5-81
60-->src/main/AndroidManifest.xml:36:15-79
61
62        <meta-data
62-->[:unimodules-react-native-adapter] AndroidManifest.xml:12:9-14:91
63            android:name="org.unimodules.core.AppLoader#react-native-headless"
63-->[:unimodules-react-native-adapter] AndroidManifest.xml:13:13-79
64            android:value="org.unimodules.adapters.react.apploader.RNHeadlessAppLoader" />
64-->[:unimodules-react-native-adapter] AndroidManifest.xml:14:13-88
65
66        <provider
66-->[:expo-file-system] AndroidManifest.xml:25:9-34:20
67            android:name="expo.modules.filesystem.FileSystemFileProvider"
67-->[:expo-file-system] AndroidManifest.xml:26:13-74
68            android:authorities="com.walkietalkie.FileSystemFileProvider"
68-->[:expo-file-system] AndroidManifest.xml:27:13-74
69            android:exported="false"
69-->[:expo-file-system] AndroidManifest.xml:28:13-37
70            android:grantUriPermissions="true" >
70-->[:expo-file-system] AndroidManifest.xml:29:13-47
71            <meta-data
71-->[:expo-file-system] AndroidManifest.xml:31:13-33:70
72                android:name="android.support.FILE_PROVIDER_PATHS"
72-->[:expo-file-system] AndroidManifest.xml:32:17-67
73                android:resource="@xml/file_system_provider_paths" />
73-->[:expo-file-system] AndroidManifest.xml:33:17-67
74        </provider>
75
76        <service
76-->[androidx.room:room-runtime:2.1.0] AndroidManifest.xml:25:9-27:40
77            android:name="androidx.room.MultiInstanceInvalidationService"
77-->[androidx.room:room-runtime:2.1.0] AndroidManifest.xml:26:13-74
78            android:exported="false" />
78-->[androidx.room:room-runtime:2.1.0] AndroidManifest.xml:27:13-37
79    </application>
80
81</manifest>